Created by PLY version 3.11 (http://www.dabeaz.com/ply)

Grammar

Rule 0     S' -> Statement
Rule 1     Statement -> SfwQuery
Rule 2     Statement -> CreateQuery
Rule 3     Statement -> InsertQuery
Rule 4     Statement -> DeleteQuery
Rule 5     Statement -> UpdateQuery
Rule 6     Statement -> DropQuery
Rule 7     SfwQuery -> SFW
Rule 8     SFW -> SELECT SelList FROM FromList opt_where opt_semi
Rule 9     opt_where -> WHERE Condition
Rule 10    opt_where -> empty
Rule 11    Condition -> SimpleCond
Rule 12    Condition -> SimpleCond AND Condition
Rule 13    SimpleCond -> TCNAME EQX CONSTANT
Rule 14    SimpleCond -> TCNAME EQX TCNAME
Rule 15    opt_semi -> SEMI
Rule 16    opt_semi -> empty
Rule 17    SelList -> TCNAME COMMA SelList
Rule 18    SelList -> TCNAME
Rule 19    SelList -> STAR
Rule 20    FromList -> TCNAME COMMA FromList
Rule 21    FromList -> TCNAME
Rule 22    CreateQuery -> CREATE TABLE TCNAME LPAREN FieldDefs RPAREN opt_semi
Rule 23    FieldDefs -> FieldDef COMMA FieldDefs
Rule 24    FieldDefs -> FieldDef
Rule 25    FieldDef -> TCNAME DataType
Rule 26    DataType -> CHAR LPAREN CONSTANT RPAREN
Rule 27    DataType -> INTEGER
Rule 28    InsertQuery -> INSERT INTO TCNAME VALUES LPAREN ValueList RPAREN opt_semi
Rule 29    ValueList -> CONSTANT COMMA ValueList
Rule 30    ValueList -> CONSTANT
Rule 31    DeleteQuery -> DELETE FROM TCNAME opt_where opt_semi
Rule 32    UpdateQuery -> UPDATE TCNAME SET AssignmentList opt_where opt_semi
Rule 33    AssignmentList -> Assignment COMMA AssignmentList
Rule 34    AssignmentList -> Assignment
Rule 35    Assignment -> TCNAME EQX CONSTANT
Rule 36    DropQuery -> DROP TABLE TCNAME opt_semi
Rule 37    empty -> <empty>

Terminals, with rules where they appear

AND                  : 12
CHAR                 : 26
COMMA                : 17 20 23 29 33
CONSTANT             : 13 26 29 30 35
CREATE               : 22
DELETE               : 31
DROP                 : 36
EQX                  : 13 14 35
FROM                 : 8 31
INSERT               : 28
INTEGER              : 27
INTO                 : 28
LPAREN               : 22 26 28
RPAREN               : 22 26 28
SELECT               : 8
SEMI                 : 15
SET                  : 32
STAR                 : 19
TABLE                : 22 36
TCNAME               : 13 14 14 17 18 20 21 22 25 28 31 32 35 36
UPDATE               : 32
VALUES               : 28
WHERE                : 9
error                : 

Nonterminals, with rules where they appear

Assignment           : 33 34
AssignmentList       : 32 33
Condition            : 9 12
CreateQuery          : 2
DataType             : 25
DeleteQuery          : 4
DropQuery            : 6
FieldDef             : 23 24
FieldDefs            : 22 23
FromList             : 8 20
InsertQuery          : 3
SFW                  : 7
SelList              : 8 17
SfwQuery             : 1
SimpleCond           : 11 12
Statement            : 0
UpdateQuery          : 5
ValueList            : 28 29
empty                : 10 16
opt_semi             : 8 22 28 31 32 36
opt_where            : 8 31 32

Parsing method: LALR

state 0

    (0) S' -> . Statement
    (1) Statement -> . SfwQuery
    (2) Statement -> . CreateQuery
    (3) Statement -> . InsertQuery
    (4) Statement -> . DeleteQuery
    (5) Statement -> . UpdateQuery
    (6) Statement -> . DropQuery
    (7) SfwQuery -> . SFW
    (22) CreateQuery -> . CREATE TABLE TCNAME LPAREN FieldDefs RPAREN opt_semi
    (28) InsertQuery -> . INSERT INTO TCNAME VALUES LPAREN ValueList RPAREN opt_semi
    (31) DeleteQuery -> . DELETE FROM TCNAME opt_where opt_semi
    (32) UpdateQuery -> . UPDATE TCNAME SET AssignmentList opt_where opt_semi
    (36) DropQuery -> . DROP TABLE TCNAME opt_semi
    (8) SFW -> . SELECT SelList FROM FromList opt_where opt_semi

    CREATE          shift and go to state 9
    INSERT          shift and go to state 10
    DELETE          shift and go to state 11
    UPDATE          shift and go to state 12
    DROP            shift and go to state 13
    SELECT          shift and go to state 14

    Statement                      shift and go to state 1
    SfwQuery                       shift and go to state 2
    CreateQuery                    shift and go to state 3
    InsertQuery                    shift and go to state 4
    DeleteQuery                    shift and go to state 5
    UpdateQuery                    shift and go to state 6
    DropQuery                      shift and go to state 7
    SFW                            shift and go to state 8

state 1

    (0) S' -> Statement .



state 2

    (1) Statement -> SfwQuery .

    $end            reduce using rule 1 (Statement -> SfwQuery .)


state 3

    (2) Statement -> CreateQuery .

    $end            reduce using rule 2 (Statement -> CreateQuery .)


state 4

    (3) Statement -> InsertQuery .

    $end            reduce using rule 3 (Statement -> InsertQuery .)


state 5

    (4) Statement -> DeleteQuery .

    $end            reduce using rule 4 (Statement -> DeleteQuery .)


state 6

    (5) Statement -> UpdateQuery .

    $end            reduce using rule 5 (Statement -> UpdateQuery .)


state 7

    (6) Statement -> DropQuery .

    $end            reduce using rule 6 (Statement -> DropQuery .)


state 8

    (7) SfwQuery -> SFW .

    $end            reduce using rule 7 (SfwQuery -> SFW .)


state 9

    (22) CreateQuery -> CREATE . TABLE TCNAME LPAREN FieldDefs RPAREN opt_semi

    TABLE           shift and go to state 15


state 10

    (28) InsertQuery -> INSERT . INTO TCNAME VALUES LPAREN ValueList RPAREN opt_semi

    INTO            shift and go to state 16


state 11

    (31) DeleteQuery -> DELETE . FROM TCNAME opt_where opt_semi

    FROM            shift and go to state 17


state 12

    (32) UpdateQuery -> UPDATE . TCNAME SET AssignmentList opt_where opt_semi

    TCNAME          shift and go to state 18


state 13

    (36) DropQuery -> DROP . TABLE TCNAME opt_semi

    TABLE           shift and go to state 19


state 14

    (8) SFW -> SELECT . SelList FROM FromList opt_where opt_semi
    (17) SelList -> . TCNAME COMMA SelList
    (18) SelList -> . TCNAME
    (19) SelList -> . STAR

    TCNAME          shift and go to state 21
    STAR            shift and go to state 22

    SelList                        shift and go to state 20

state 15

    (22) CreateQuery -> CREATE TABLE . TCNAME LPAREN FieldDefs RPAREN opt_semi

    TCNAME          shift and go to state 23


state 16

    (28) InsertQuery -> INSERT INTO . TCNAME VALUES LPAREN ValueList RPAREN opt_semi

    TCNAME          shift and go to state 24


state 17

    (31) DeleteQuery -> DELETE FROM . TCNAME opt_where opt_semi

    TCNAME          shift and go to state 25


state 18

    (32) UpdateQuery -> UPDATE TCNAME . SET AssignmentList opt_where opt_semi

    SET             shift and go to state 26


state 19

    (36) DropQuery -> DROP TABLE . TCNAME opt_semi

    TCNAME          shift and go to state 27


state 20

    (8) SFW -> SELECT SelList . FROM FromList opt_where opt_semi

    FROM            shift and go to state 28


state 21

    (17) SelList -> TCNAME . COMMA SelList
    (18) SelList -> TCNAME .

    COMMA           shift and go to state 29
    FROM            reduce using rule 18 (SelList -> TCNAME .)


state 22

    (19) SelList -> STAR .

    FROM            reduce using rule 19 (SelList -> STAR .)


state 23

    (22) CreateQuery -> CREATE TABLE TCNAME . LPAREN FieldDefs RPAREN opt_semi

    LPAREN          shift and go to state 30


state 24

    (28) InsertQuery -> INSERT INTO TCNAME . VALUES LPAREN ValueList RPAREN opt_semi

    VALUES          shift and go to state 31


state 25

    (31) DeleteQuery -> DELETE FROM TCNAME . opt_where opt_semi
    (9) opt_where -> . WHERE Condition
    (10) opt_where -> . empty
    (37) empty -> .

    WHERE           shift and go to state 33
    SEMI            reduce using rule 37 (empty -> .)
    $end            reduce using rule 37 (empty -> .)

    opt_where                      shift and go to state 32
    empty                          shift and go to state 34

state 26

    (32) UpdateQuery -> UPDATE TCNAME SET . AssignmentList opt_where opt_semi
    (33) AssignmentList -> . Assignment COMMA AssignmentList
    (34) AssignmentList -> . Assignment
    (35) Assignment -> . TCNAME EQX CONSTANT

    TCNAME          shift and go to state 35

    AssignmentList                 shift and go to state 36
    Assignment                     shift and go to state 37

state 27

    (36) DropQuery -> DROP TABLE TCNAME . opt_semi
    (15) opt_semi -> . SEMI
    (16) opt_semi -> . empty
    (37) empty -> .

    SEMI            shift and go to state 39
    $end            reduce using rule 37 (empty -> .)

    opt_semi                       shift and go to state 38
    empty                          shift and go to state 40

state 28

    (8) SFW -> SELECT SelList FROM . FromList opt_where opt_semi
    (20) FromList -> . TCNAME COMMA FromList
    (21) FromList -> . TCNAME

    TCNAME          shift and go to state 42

    FromList                       shift and go to state 41

state 29

    (17) SelList -> TCNAME COMMA . SelList
    (17) SelList -> . TCNAME COMMA SelList
    (18) SelList -> . TCNAME
    (19) SelList -> . STAR

    TCNAME          shift and go to state 21
    STAR            shift and go to state 22

    SelList                        shift and go to state 43

state 30

    (22) CreateQuery -> CREATE TABLE TCNAME LPAREN . FieldDefs RPAREN opt_semi
    (23) FieldDefs -> . FieldDef COMMA FieldDefs
    (24) FieldDefs -> . FieldDef
    (25) FieldDef -> . TCNAME DataType

    TCNAME          shift and go to state 44

    FieldDefs                      shift and go to state 45
    FieldDef                       shift and go to state 46

state 31

    (28) InsertQuery -> INSERT INTO TCNAME VALUES . LPAREN ValueList RPAREN opt_semi

    LPAREN          shift and go to state 47


state 32

    (31) DeleteQuery -> DELETE FROM TCNAME opt_where . opt_semi
    (15) opt_semi -> . SEMI
    (16) opt_semi -> . empty
    (37) empty -> .

    SEMI            shift and go to state 39
    $end            reduce using rule 37 (empty -> .)

    opt_semi                       shift and go to state 48
    empty                          shift and go to state 40

state 33

    (9) opt_where -> WHERE . Condition
    (11) Condition -> . SimpleCond
    (12) Condition -> . SimpleCond AND Condition
    (13) SimpleCond -> . TCNAME EQX CONSTANT
    (14) SimpleCond -> . TCNAME EQX TCNAME

    TCNAME          shift and go to state 51

    Condition                      shift and go to state 49
    SimpleCond                     shift and go to state 50

state 34

    (10) opt_where -> empty .

    SEMI            reduce using rule 10 (opt_where -> empty .)
    $end            reduce using rule 10 (opt_where -> empty .)


state 35

    (35) Assignment -> TCNAME . EQX CONSTANT

    EQX             shift and go to state 52


state 36

    (32) UpdateQuery -> UPDATE TCNAME SET AssignmentList . opt_where opt_semi
    (9) opt_where -> . WHERE Condition
    (10) opt_where -> . empty
    (37) empty -> .

    WHERE           shift and go to state 33
    SEMI            reduce using rule 37 (empty -> .)
    $end            reduce using rule 37 (empty -> .)

    opt_where                      shift and go to state 53
    empty                          shift and go to state 34

state 37

    (33) AssignmentList -> Assignment . COMMA AssignmentList
    (34) AssignmentList -> Assignment .

    COMMA           shift and go to state 54
    WHERE           reduce using rule 34 (AssignmentList -> Assignment .)
    SEMI            reduce using rule 34 (AssignmentList -> Assignment .)
    $end            reduce using rule 34 (AssignmentList -> Assignment .)


state 38

    (36) DropQuery -> DROP TABLE TCNAME opt_semi .

    $end            reduce using rule 36 (DropQuery -> DROP TABLE TCNAME opt_semi .)


state 39

    (15) opt_semi -> SEMI .

    $end            reduce using rule 15 (opt_semi -> SEMI .)


state 40

    (16) opt_semi -> empty .

    $end            reduce using rule 16 (opt_semi -> empty .)


state 41

    (8) SFW -> SELECT SelList FROM FromList . opt_where opt_semi
    (9) opt_where -> . WHERE Condition
    (10) opt_where -> . empty
    (37) empty -> .

    WHERE           shift and go to state 33
    SEMI            reduce using rule 37 (empty -> .)
    $end            reduce using rule 37 (empty -> .)

    opt_where                      shift and go to state 55
    empty                          shift and go to state 34

state 42

    (20) FromList -> TCNAME . COMMA FromList
    (21) FromList -> TCNAME .

    COMMA           shift and go to state 56
    WHERE           reduce using rule 21 (FromList -> TCNAME .)
    SEMI            reduce using rule 21 (FromList -> TCNAME .)
    $end            reduce using rule 21 (FromList -> TCNAME .)


state 43

    (17) SelList -> TCNAME COMMA SelList .

    FROM            reduce using rule 17 (SelList -> TCNAME COMMA SelList .)


state 44

    (25) FieldDef -> TCNAME . DataType
    (26) DataType -> . CHAR LPAREN CONSTANT RPAREN
    (27) DataType -> . INTEGER

    CHAR            shift and go to state 58
    INTEGER         shift and go to state 59

    DataType                       shift and go to state 57

state 45

    (22) CreateQuery -> CREATE TABLE TCNAME LPAREN FieldDefs . RPAREN opt_semi

    RPAREN          shift and go to state 60


state 46

    (23) FieldDefs -> FieldDef . COMMA FieldDefs
    (24) FieldDefs -> FieldDef .

    COMMA           shift and go to state 61
    RPAREN          reduce using rule 24 (FieldDefs -> FieldDef .)


state 47

    (28) InsertQuery -> INSERT INTO TCNAME VALUES LPAREN . ValueList RPAREN opt_semi
    (29) ValueList -> . CONSTANT COMMA ValueList
    (30) ValueList -> . CONSTANT

    CONSTANT        shift and go to state 63

    ValueList                      shift and go to state 62

state 48

    (31) DeleteQuery -> DELETE FROM TCNAME opt_where opt_semi .

    $end            reduce using rule 31 (DeleteQuery -> DELETE FROM TCNAME opt_where opt_semi .)


state 49

    (9) opt_where -> WHERE Condition .

    SEMI            reduce using rule 9 (opt_where -> WHERE Condition .)
    $end            reduce using rule 9 (opt_where -> WHERE Condition .)


state 50

    (11) Condition -> SimpleCond .
    (12) Condition -> SimpleCond . AND Condition

    SEMI            reduce using rule 11 (Condition -> SimpleCond .)
    $end            reduce using rule 11 (Condition -> SimpleCond .)
    AND             shift and go to state 64


state 51

    (13) SimpleCond -> TCNAME . EQX CONSTANT
    (14) SimpleCond -> TCNAME . EQX TCNAME

    EQX             shift and go to state 65


state 52

    (35) Assignment -> TCNAME EQX . CONSTANT

    CONSTANT        shift and go to state 66


state 53

    (32) UpdateQuery -> UPDATE TCNAME SET AssignmentList opt_where . opt_semi
    (15) opt_semi -> . SEMI
    (16) opt_semi -> . empty
    (37) empty -> .

    SEMI            shift and go to state 39
    $end            reduce using rule 37 (empty -> .)

    opt_semi                       shift and go to state 67
    empty                          shift and go to state 40

state 54

    (33) AssignmentList -> Assignment COMMA . AssignmentList
    (33) AssignmentList -> . Assignment COMMA AssignmentList
    (34) AssignmentList -> . Assignment
    (35) Assignment -> . TCNAME EQX CONSTANT

    TCNAME          shift and go to state 35

    Assignment                     shift and go to state 37
    AssignmentList                 shift and go to state 68

state 55

    (8) SFW -> SELECT SelList FROM FromList opt_where . opt_semi
    (15) opt_semi -> . SEMI
    (16) opt_semi -> . empty
    (37) empty -> .

    SEMI            shift and go to state 39
    $end            reduce using rule 37 (empty -> .)

    opt_semi                       shift and go to state 69
    empty                          shift and go to state 40

state 56

    (20) FromList -> TCNAME COMMA . FromList
    (20) FromList -> . TCNAME COMMA FromList
    (21) FromList -> . TCNAME

    TCNAME          shift and go to state 42

    FromList                       shift and go to state 70

state 57

    (25) FieldDef -> TCNAME DataType .

    COMMA           reduce using rule 25 (FieldDef -> TCNAME DataType .)
    RPAREN          reduce using rule 25 (FieldDef -> TCNAME DataType .)


state 58

    (26) DataType -> CHAR . LPAREN CONSTANT RPAREN

    LPAREN          shift and go to state 71


state 59

    (27) DataType -> INTEGER .

    COMMA           reduce using rule 27 (DataType -> INTEGER .)
    RPAREN          reduce using rule 27 (DataType -> INTEGER .)


state 60

    (22) CreateQuery -> CREATE TABLE TCNAME LPAREN FieldDefs RPAREN . opt_semi
    (15) opt_semi -> . SEMI
    (16) opt_semi -> . empty
    (37) empty -> .

    SEMI            shift and go to state 39
    $end            reduce using rule 37 (empty -> .)

    opt_semi                       shift and go to state 72
    empty                          shift and go to state 40

state 61

    (23) FieldDefs -> FieldDef COMMA . FieldDefs
    (23) FieldDefs -> . FieldDef COMMA FieldDefs
    (24) FieldDefs -> . FieldDef
    (25) FieldDef -> . TCNAME DataType

    TCNAME          shift and go to state 44

    FieldDef                       shift and go to state 46
    FieldDefs                      shift and go to state 73

state 62

    (28) InsertQuery -> INSERT INTO TCNAME VALUES LPAREN ValueList . RPAREN opt_semi

    RPAREN          shift and go to state 74


state 63

    (29) ValueList -> CONSTANT . COMMA ValueList
    (30) ValueList -> CONSTANT .

    COMMA           shift and go to state 75
    RPAREN          reduce using rule 30 (ValueList -> CONSTANT .)


state 64

    (12) Condition -> SimpleCond AND . Condition
    (11) Condition -> . SimpleCond
    (12) Condition -> . SimpleCond AND Condition
    (13) SimpleCond -> . TCNAME EQX CONSTANT
    (14) SimpleCond -> . TCNAME EQX TCNAME

    TCNAME          shift and go to state 51

    SimpleCond                     shift and go to state 50
    Condition                      shift and go to state 76

state 65

    (13) SimpleCond -> TCNAME EQX . CONSTANT
    (14) SimpleCond -> TCNAME EQX . TCNAME

    CONSTANT        shift and go to state 78
    TCNAME          shift and go to state 77


state 66

    (35) Assignment -> TCNAME EQX CONSTANT .

    COMMA           reduce using rule 35 (Assignment -> TCNAME EQX CONSTANT .)
    WHERE           reduce using rule 35 (Assignment -> TCNAME EQX CONSTANT .)
    SEMI            reduce using rule 35 (Assignment -> TCNAME EQX CONSTANT .)
    $end            reduce using rule 35 (Assignment -> TCNAME EQX CONSTANT .)


state 67

    (32) UpdateQuery -> UPDATE TCNAME SET AssignmentList opt_where opt_semi .

    $end            reduce using rule 32 (UpdateQuery -> UPDATE TCNAME SET AssignmentList opt_where opt_semi .)


state 68

    (33) AssignmentList -> Assignment COMMA AssignmentList .

    WHERE           reduce using rule 33 (AssignmentList -> Assignment COMMA AssignmentList .)
    SEMI            reduce using rule 33 (AssignmentList -> Assignment COMMA AssignmentList .)
    $end            reduce using rule 33 (AssignmentList -> Assignment COMMA AssignmentList .)


state 69

    (8) SFW -> SELECT SelList FROM FromList opt_where opt_semi .

    $end            reduce using rule 8 (SFW -> SELECT SelList FROM FromList opt_where opt_semi .)


state 70

    (20) FromList -> TCNAME COMMA FromList .

    WHERE           reduce using rule 20 (FromList -> TCNAME COMMA FromList .)
    SEMI            reduce using rule 20 (FromList -> TCNAME COMMA FromList .)
    $end            reduce using rule 20 (FromList -> TCNAME COMMA FromList .)


state 71

    (26) DataType -> CHAR LPAREN . CONSTANT RPAREN

    CONSTANT        shift and go to state 79


state 72

    (22) CreateQuery -> CREATE TABLE TCNAME LPAREN FieldDefs RPAREN opt_semi .

    $end            reduce using rule 22 (CreateQuery -> CREATE TABLE TCNAME LPAREN FieldDefs RPAREN opt_semi .)


state 73

    (23) FieldDefs -> FieldDef COMMA FieldDefs .

    RPAREN          reduce using rule 23 (FieldDefs -> FieldDef COMMA FieldDefs .)


state 74

    (28) InsertQuery -> INSERT INTO TCNAME VALUES LPAREN ValueList RPAREN . opt_semi
    (15) opt_semi -> . SEMI
    (16) opt_semi -> . empty
    (37) empty -> .

    SEMI            shift and go to state 39
    $end            reduce using rule 37 (empty -> .)

    opt_semi                       shift and go to state 80
    empty                          shift and go to state 40

state 75

    (29) ValueList -> CONSTANT COMMA . ValueList
    (29) ValueList -> . CONSTANT COMMA ValueList
    (30) ValueList -> . CONSTANT

    CONSTANT        shift and go to state 63

    ValueList                      shift and go to state 81

state 76

    (12) Condition -> SimpleCond AND Condition .

    SEMI            reduce using rule 12 (Condition -> SimpleCond AND Condition .)
    $end            reduce using rule 12 (Condition -> SimpleCond AND Condition .)


state 77

    (14) SimpleCond -> TCNAME EQX TCNAME .

    AND             reduce using rule 14 (SimpleCond -> TCNAME EQX TCNAME .)
    SEMI            reduce using rule 14 (SimpleCond -> TCNAME EQX TCNAME .)
    $end            reduce using rule 14 (SimpleCond -> TCNAME EQX TCNAME .)


state 78

    (13) SimpleCond -> TCNAME EQX CONSTANT .

    AND             reduce using rule 13 (SimpleCond -> TCNAME EQX CONSTANT .)
    SEMI            reduce using rule 13 (SimpleCond -> TCNAME EQX CONSTANT .)
    $end            reduce using rule 13 (SimpleCond -> TCNAME EQX CONSTANT .)


state 79

    (26) DataType -> CHAR LPAREN CONSTANT . RPAREN

    RPAREN          shift and go to state 82


state 80

    (28) InsertQuery -> INSERT INTO TCNAME VALUES LPAREN ValueList RPAREN opt_semi .

    $end            reduce using rule 28 (InsertQuery -> INSERT INTO TCNAME VALUES LPAREN ValueList RPAREN opt_semi .)


state 81

    (29) ValueList -> CONSTANT COMMA ValueList .

    RPAREN          reduce using rule 29 (ValueList -> CONSTANT COMMA ValueList .)


state 82

    (26) DataType -> CHAR LPAREN CONSTANT RPAREN .

    COMMA           reduce using rule 26 (DataType -> CHAR LPAREN CONSTANT RPAREN .)
    RPAREN          reduce using rule 26 (DataType -> CHAR LPAREN CONSTANT RPAREN .)

